<?xml version="1.0" encoding="UTF-8"?>
<!-- Generated by org.testng.reporters.JUnitReportReporter -->
<testsuite hostname="user-PC" failures="0" tests="2" name="TestNG_Practices.testngdemo" time="0.024" errors="0" timestamp="24 Sep 2021 07:32:03 GMT">
  <testcase classname="TestNG_Practices.testngdemo" name="demo1" time="0.021"/>
  <testcase classname="TestNG_Practices.testngdemo" name="demo2" time="0.003"/>
</testsuite> <!-- TestNG_Practices.testngdemo -->
