<?xml version="1.0" encoding="UTF-8"?>
<!-- Generated by org.testng.reporters.JUnitReportReporter -->
<testsuite hostname="user-PC" failures="0" tests="3" name="TestNG_Practices.testngdemo4" time="0.032" errors="0" timestamp="29 Jul 2021 05:00:10 GMT">
  <testcase classname="TestNG_Practices.testngdemo4" name="loginHomeApi" time="0.002"/>
  <testcase classname="TestNG_Practices.testngdemo4" name="mobileHomeLogin" time="0.002"/>
  <testcase classname="TestNG_Practices.testngdemo4" name="webHomeLogin" time="0.028"/>
</testsuite> <!-- TestNG_Practices.testngdemo4 -->
