<?xml version="1.0" encoding="UTF-8"?>
<!-- Generated by org.testng.reporters.JUnitReportReporter -->
<testsuite hostname="user-PC" failures="0" tests="3" name="TestNG_Practices.homeLoan" time="0.008" errors="0" timestamp="24 Sep 2021 07:32:03 GMT">
  <testcase classname="TestNG_Practices.homeLoan" name="webHomeLogin" time="0.003"/>
  <testcase classname="TestNG_Practices.homeLoan" name="mobileHomeLogin" time="0.003"/>
  <testcase classname="TestNG_Practices.homeLoan" name="loginHomeApi" time="0.002"/>
</testsuite> <!-- TestNG_Practices.homeLoan -->
