<?xml version="1.0" encoding="UTF-8"?>
<!-- Generated by org.testng.reporters.JUnitReportReporter -->
<testsuite hostname="user-PC" failures="0" tests="2" name="TestNG_Practices.testngdemo2" time="0.005" errors="0" timestamp="29 Jul 2021 05:00:10 GMT">
  <testcase classname="TestNG_Practices.testngdemo2" name="loginCarApi" time="0.003"/>
  <testcase classname="TestNG_Practices.testngdemo2" name="webCarLogin" time="0.002"/>
</testsuite> <!-- TestNG_Practices.testngdemo2 -->
